Build started 5/11/2015 10:41:59 AM.
     1>Project "C:\Users\Momen Sayeed\documents\visual studio 2012\Projects\Project\Project\Project.vcxproj" on node 2 (Build target(s)).
     1>ClCompile:
         C:\Program Files (x86)\Microsoft Visual Studio 11.0\VC\bin\CL.exe /c /I"C:\Users\Momen Sayeed\Documents\Visual Studio 2012\Projects\Project\Glew and Glut\glew-1.11.0\include" /I"C:\Users\Momen Sayeed\Documents\Visual Studio 2012\Projects\Project\Glew and Glut\freeglut\include" /ZI /nologo /W3 /WX- /Od /Oy- /D _MBCS /Gm /EHsc /RTC1 /MDd /GS /fp:precise /Zc:wchar_t /Zc:forScope /Fo"Debug\\" /Fd"Debug\vc110.pdb" /Gd /TP /analyze- /errorReport:prompt Main.cpp
         Main.cpp
     1>c:\users\momen sayeed\documents\visual studio 2012\projects\project\project\main.cpp(29): warning C4244: 'argument' : conversion from 'double' to 'GLfloat', possible loss of data
     1>c:\users\momen sayeed\documents\visual studio 2012\projects\project\project\main.cpp(32): warning C4305: 'argument' : truncation from 'double' to 'GLfloat'
     1>c:\users\momen sayeed\documents\visual studio 2012\projects\project\project\main.cpp(33): warning C4305: 'argument' : truncation from 'double' to 'GLfloat'
     1>c:\users\momen sayeed\documents\visual studio 2012\projects\project\project\main.cpp(34): warning C4305: 'argument' : truncation from 'double' to 'GLfloat'
     1>c:\users\momen sayeed\documents\visual studio 2012\projects\project\project\main.cpp(35): warning C4305: 'argument' : truncation from 'double' to 'GLfloat'
     1>c:\users\momen sayeed\documents\visual studio 2012\projects\project\project\main.cpp(39): warning C4305: 'argument' : truncation from 'double' to 'GLfloat'
     1>c:\users\momen sayeed\documents\visual studio 2012\projects\project\project\main.cpp(40): warning C4305: 'argument' : truncation from 'double' to 'GLfloat'
     1>c:\users\momen sayeed\documents\visual studio 2012\projects\project\project\main.cpp(41): warning C4305: 'argument' : truncation from 'double' to 'GLfloat'
     1>c:\users\momen sayeed\documents\visual studio 2012\projects\project\project\main.cpp(42): warning C4305: 'argument' : truncation from 'double' to 'GLfloat'
     1>c:\users\momen sayeed\documents\visual studio 2012\projects\project\project\main.cpp(46): warning C4305: 'argument' : truncation from 'double' to 'GLfloat'
     1>c:\users\momen sayeed\documents\visual studio 2012\projects\project\project\main.cpp(47): warning C4305: 'argument' : truncation from 'double' to 'GLfloat'
     1>c:\users\momen sayeed\documents\visual studio 2012\projects\project\project\main.cpp(48): warning C4305: 'argument' : truncation from 'double' to 'GLfloat'
     1>c:\users\momen sayeed\documents\visual studio 2012\projects\project\project\main.cpp(49): warning C4305: 'argument' : truncation from 'double' to 'GLfloat'
     1>c:\users\momen sayeed\documents\visual studio 2012\projects\project\project\main.cpp(50): warning C4305: 'argument' : truncation from 'double' to 'GLfloat'
     1>c:\users\momen sayeed\documents\visual studio 2012\projects\project\project\main.cpp(51): warning C4305: 'argument' : truncation from 'double' to 'GLfloat'
     1>c:\users\momen sayeed\documents\visual studio 2012\projects\project\project\main.cpp(52): warning C4305: 'argument' : truncation from 'double' to 'GLfloat'
     1>c:\users\momen sayeed\documents\visual studio 2012\projects\project\project\main.cpp(53): warning C4305: 'argument' : truncation from 'double' to 'GLfloat'
     1>c:\users\momen sayeed\documents\visual studio 2012\projects\project\project\main.cpp(54): warning C4305: '+=' : truncation from 'double' to 'float'
     1>c:\users\momen sayeed\documents\visual studio 2012\projects\project\project\main.cpp(55): warning C4305: 'argument' : truncation from 'double' to 'GLfloat'
     1>c:\users\momen sayeed\documents\visual studio 2012\projects\project\project\main.cpp(55): warning C4244: 'argument' : conversion from 'double' to 'GLfloat', possible loss of data
     1>c:\users\momen sayeed\documents\visual studio 2012\projects\project\project\main.cpp(56): warning C4305: 'argument' : truncation from 'double' to 'GLfloat'
     1>c:\users\momen sayeed\documents\visual studio 2012\projects\project\project\main.cpp(56): warning C4244: 'argument' : conversion from 'double' to 'GLfloat', possible loss of data
     1>c:\users\momen sayeed\documents\visual studio 2012\projects\project\project\main.cpp(57): warning C4305: 'argument' : truncation from 'double' to 'GLfloat'
     1>c:\users\momen sayeed\documents\visual studio 2012\projects\project\project\main.cpp(57): warning C4244: 'argument' : conversion from 'double' to 'GLfloat', possible loss of data
     1>c:\users\momen sayeed\documents\visual studio 2012\projects\project\project\main.cpp(58): warning C4305: 'argument' : truncation from 'double' to 'GLfloat'
     1>c:\users\momen sayeed\documents\visual studio 2012\projects\project\project\main.cpp(58): warning C4244: 'argument' : conversion from 'double' to 'GLfloat', possible loss of data
     1>c:\users\momen sayeed\documents\visual studio 2012\projects\project\project\main.cpp(59): warning C4305: 'argument' : truncation from 'double' to 'GLfloat'
     1>c:\users\momen sayeed\documents\visual studio 2012\projects\project\project\main.cpp(59): warning C4244: 'argument' : conversion from 'double' to 'GLfloat', possible loss of data
     1>c:\users\momen sayeed\documents\visual studio 2012\projects\project\project\main.cpp(60): warning C4305: 'argument' : truncation from 'double' to 'GLfloat'
     1>c:\users\momen sayeed\documents\visual studio 2012\projects\project\project\main.cpp(60): warning C4244: 'argument' : conversion from 'double' to 'GLfloat', possible loss of data
     1>c:\users\momen sayeed\documents\visual studio 2012\projects\project\project\main.cpp(61): warning C4305: 'argument' : truncation from 'double' to 'GLfloat'
     1>c:\users\momen sayeed\documents\visual studio 2012\projects\project\project\main.cpp(61): warning C4244: 'argument' : conversion from 'double' to 'GLfloat', possible loss of data
     1>c:\users\momen sayeed\documents\visual studio 2012\projects\project\project\main.cpp(62): warning C4305: 'argument' : truncation from 'double' to 'GLfloat'
     1>c:\users\momen sayeed\documents\visual studio 2012\projects\project\project\main.cpp(62): warning C4244: 'argument' : conversion from 'double' to 'GLfloat', possible loss of data
     1>c:\users\momen sayeed\documents\visual studio 2012\projects\project\project\main.cpp(69): warning C4305: 'argument' : truncation from 'double' to 'GLfloat'
     1>c:\users\momen sayeed\documents\visual studio 2012\projects\project\project\main.cpp(70): warning C4305: 'argument' : truncation from 'double' to 'GLfloat'
     1>c:\users\momen sayeed\documents\visual studio 2012\projects\project\project\main.cpp(71): warning C4305: 'argument' : truncation from 'double' to 'GLfloat'
     1>c:\users\momen sayeed\documents\visual studio 2012\projects\project\project\main.cpp(72): warning C4305: 'argument' : truncation from 'double' to 'GLfloat'
     1>c:\users\momen sayeed\documents\visual studio 2012\projects\project\project\main.cpp(73): warning C4305: 'argument' : truncation from 'double' to 'GLfloat'
     1>c:\users\momen sayeed\documents\visual studio 2012\projects\project\project\main.cpp(74): warning C4305: 'argument' : truncation from 'double' to 'GLfloat'
     1>c:\users\momen sayeed\documents\visual studio 2012\projects\project\project\main.cpp(75): warning C4305: 'argument' : truncation from 'double' to 'GLfloat'
     1>c:\users\momen sayeed\documents\visual studio 2012\projects\project\project\main.cpp(76): warning C4305: 'argument' : truncation from 'double' to 'GLfloat'
     1>c:\users\momen sayeed\documents\visual studio 2012\projects\project\project\main.cpp(77): warning C4305: '+=' : truncation from 'double' to 'float'
     1>c:\users\momen sayeed\documents\visual studio 2012\projects\project\project\main.cpp(78): warning C4305: 'argument' : truncation from 'double' to 'GLfloat'
     1>c:\users\momen sayeed\documents\visual studio 2012\projects\project\project\main.cpp(78): warning C4244: 'argument' : conversion from 'double' to 'GLfloat', possible loss of data
     1>c:\users\momen sayeed\documents\visual studio 2012\projects\project\project\main.cpp(79): warning C4305: 'argument' : truncation from 'double' to 'GLfloat'
     1>c:\users\momen sayeed\documents\visual studio 2012\projects\project\project\main.cpp(79): warning C4244: 'argument' : conversion from 'double' to 'GLfloat', possible loss of data
     1>c:\users\momen sayeed\documents\visual studio 2012\projects\project\project\main.cpp(80): warning C4305: 'argument' : truncation from 'double' to 'GLfloat'
     1>c:\users\momen sayeed\documents\visual studio 2012\projects\project\project\main.cpp(80): warning C4244: 'argument' : conversion from 'double' to 'GLfloat', possible loss of data
     1>c:\users\momen sayeed\documents\visual studio 2012\projects\project\project\main.cpp(81): warning C4305: 'argument' : truncation from 'double' to 'GLfloat'
     1>c:\users\momen sayeed\documents\visual studio 2012\projects\project\project\main.cpp(81): warning C4244: 'argument' : conversion from 'double' to 'GLfloat', possible loss of data
     1>c:\users\momen sayeed\documents\visual studio 2012\projects\project\project\main.cpp(82): warning C4305: 'argument' : truncation from 'double' to 'GLfloat'
     1>c:\users\momen sayeed\documents\visual studio 2012\projects\project\project\main.cpp(82): warning C4244: 'argument' : conversion from 'double' to 'GLfloat', possible loss of data
     1>c:\users\momen sayeed\documents\visual studio 2012\projects\project\project\main.cpp(83): warning C4305: 'argument' : truncation from 'double' to 'GLfloat'
     1>c:\users\momen sayeed\documents\visual studio 2012\projects\project\project\main.cpp(83): warning C4244: 'argument' : conversion from 'double' to 'GLfloat', possible loss of data
     1>c:\users\momen sayeed\documents\visual studio 2012\projects\project\project\main.cpp(84): warning C4305: 'argument' : truncation from 'double' to 'GLfloat'
     1>c:\users\momen sayeed\documents\visual studio 2012\projects\project\project\main.cpp(84): warning C4244: 'argument' : conversion from 'double' to 'GLfloat', possible loss of data
     1>c:\users\momen sayeed\documents\visual studio 2012\projects\project\project\main.cpp(85): warning C4305: 'argument' : truncation from 'double' to 'GLfloat'
     1>c:\users\momen sayeed\documents\visual studio 2012\projects\project\project\main.cpp(85): warning C4244: 'argument' : conversion from 'double' to 'GLfloat', possible loss of data
     1>c:\users\momen sayeed\documents\visual studio 2012\projects\project\project\main.cpp(89): warning C4244: 'argument' : conversion from 'double' to 'GLfloat', possible loss of data
     1>c:\users\momen sayeed\documents\visual studio 2012\projects\project\project\main.cpp(100): warning C4305: 'argument' : truncation from 'double' to 'GLfloat'
     1>c:\users\momen sayeed\documents\visual studio 2012\projects\project\project\main.cpp(100): warning C4244: 'argument' : conversion from 'double' to 'GLfloat', possible loss of data
     1>c:\users\momen sayeed\documents\visual studio 2012\projects\project\project\main.cpp(101): warning C4305: 'argument' : truncation from 'double' to 'GLfloat'
     1>c:\users\momen sayeed\documents\visual studio 2012\projects\project\project\main.cpp(101): warning C4244: 'argument' : conversion from 'double' to 'GLfloat', possible loss of data
     1>c:\users\momen sayeed\documents\visual studio 2012\projects\project\project\main.cpp(102): warning C4305: 'argument' : truncation from 'double' to 'GLfloat'
     1>c:\users\momen sayeed\documents\visual studio 2012\projects\project\project\main.cpp(102): warning C4244: 'argument' : conversion from 'double' to 'GLfloat', possible loss of data
     1>c:\users\momen sayeed\documents\visual studio 2012\projects\project\project\main.cpp(103): warning C4305: 'argument' : truncation from 'double' to 'GLfloat'
     1>c:\users\momen sayeed\documents\visual studio 2012\projects\project\project\main.cpp(103): warning C4244: 'argument' : conversion from 'double' to 'GLfloat', possible loss of data
     1>c:\users\momen sayeed\documents\visual studio 2012\projects\project\project\main.cpp(108): warning C4244: 'argument' : conversion from 'double' to 'GLfloat', possible loss of data
     1>c:\users\momen sayeed\documents\visual studio 2012\projects\project\project\main.cpp(112): warning C4305: 'argument' : truncation from 'double' to 'GLfloat'
     1>c:\users\momen sayeed\documents\visual studio 2012\projects\project\project\main.cpp(113): warning C4305: 'argument' : truncation from 'double' to 'GLfloat'
     1>c:\users\momen sayeed\documents\visual studio 2012\projects\project\project\main.cpp(113): warning C4244: 'argument' : conversion from 'double' to 'GLfloat', possible loss of data
     1>c:\users\momen sayeed\documents\visual studio 2012\projects\project\project\main.cpp(114): warning C4305: 'argument' : truncation from 'double' to 'GLfloat'
     1>c:\users\momen sayeed\documents\visual studio 2012\projects\project\project\main.cpp(114): warning C4244: 'argument' : conversion from 'double' to 'GLfloat', possible loss of data
     1>c:\users\momen sayeed\documents\visual studio 2012\projects\project\project\main.cpp(115): warning C4305: 'argument' : truncation from 'double' to 'GLfloat'
     1>c:\users\momen sayeed\documents\visual studio 2012\projects\project\project\main.cpp(115): warning C4244: 'argument' : conversion from 'double' to 'GLfloat', possible loss of data
     1>c:\users\momen sayeed\documents\visual studio 2012\projects\project\project\main.cpp(116): warning C4305: 'argument' : truncation from 'double' to 'GLfloat'
     1>c:\users\momen sayeed\documents\visual studio 2012\projects\project\project\main.cpp(116): warning C4244: 'argument' : conversion from 'double' to 'GLfloat', possible loss of data
     1>c:\users\momen sayeed\documents\visual studio 2012\projects\project\project\main.cpp(122): warning C4305: 'argument' : truncation from 'double' to 'GLfloat'
     1>c:\users\momen sayeed\documents\visual studio 2012\projects\project\project\main.cpp(122): warning C4244: 'argument' : conversion from 'double' to 'GLfloat', possible loss of data
     1>c:\users\momen sayeed\documents\visual studio 2012\projects\project\project\main.cpp(123): warning C4305: 'argument' : truncation from 'double' to 'GLfloat'
     1>c:\users\momen sayeed\documents\visual studio 2012\projects\project\project\main.cpp(123): warning C4244: 'argument' : conversion from 'double' to 'GLfloat', possible loss of data
     1>c:\users\momen sayeed\documents\visual studio 2012\projects\project\project\main.cpp(124): warning C4305: 'argument' : truncation from 'double' to 'GLfloat'
     1>c:\users\momen sayeed\documents\visual studio 2012\projects\project\project\main.cpp(124): warning C4244: 'argument' : conversion from 'double' to 'GLfloat', possible loss of data
     1>c:\users\momen sayeed\documents\visual studio 2012\projects\project\project\main.cpp(125): warning C4305: 'argument' : truncation from 'double' to 'GLfloat'
     1>c:\users\momen sayeed\documents\visual studio 2012\projects\project\project\main.cpp(125): warning C4244: 'argument' : conversion from 'double' to 'GLfloat', possible loss of data
     1>c:\users\momen sayeed\documents\visual studio 2012\projects\project\project\main.cpp(131): warning C4305: 'argument' : truncation from 'double' to 'GLfloat'
     1>c:\users\momen sayeed\documents\visual studio 2012\projects\project\project\main.cpp(131): warning C4244: 'argument' : conversion from 'double' to 'GLfloat', possible loss of data
     1>c:\users\momen sayeed\documents\visual studio 2012\projects\project\project\main.cpp(132): warning C4305: 'argument' : truncation from 'double' to 'GLfloat'
     1>c:\users\momen sayeed\documents\visual studio 2012\projects\project\project\main.cpp(132): warning C4244: 'argument' : conversion from 'double' to 'GLfloat', possible loss of data
     1>c:\users\momen sayeed\documents\visual studio 2012\projects\project\project\main.cpp(133): warning C4305: 'argument' : truncation from 'double' to 'GLfloat'
     1>c:\users\momen sayeed\documents\visual studio 2012\projects\project\project\main.cpp(133): warning C4244: 'argument' : conversion from 'double' to 'GLfloat', possible loss of data
     1>c:\users\momen sayeed\documents\visual studio 2012\projects\project\project\main.cpp(134): warning C4305: 'argument' : truncation from 'double' to 'GLfloat'
     1>c:\users\momen sayeed\documents\visual studio 2012\projects\project\project\main.cpp(134): warning C4244: 'argument' : conversion from 'double' to 'GLfloat', possible loss of data
     1>c:\users\momen sayeed\documents\visual studio 2012\projects\project\project\main.cpp(140): warning C4305: 'argument' : truncation from 'double' to 'GLfloat'
     1>c:\users\momen sayeed\documents\visual studio 2012\projects\project\project\main.cpp(140): warning C4244: 'argument' : conversion from 'double' to 'GLfloat', possible loss of data
     1>c:\users\momen sayeed\documents\visual studio 2012\projects\project\project\main.cpp(141): warning C4305: 'argument' : truncation from 'double' to 'GLfloat'
     1>c:\users\momen sayeed\documents\visual studio 2012\projects\project\project\main.cpp(141): warning C4244: 'argument' : conversion from 'double' to 'GLfloat', possible loss of data
     1>c:\users\momen sayeed\documents\visual studio 2012\projects\project\project\main.cpp(142): warning C4305: 'argument' : truncation from 'double' to 'GLfloat'
     1>c:\users\momen sayeed\documents\visual studio 2012\projects\project\project\main.cpp(142): warning C4244: 'argument' : conversion from 'double' to 'GLfloat', possible loss of data
     1>c:\users\momen sayeed\documents\visual studio 2012\projects\project\project\main.cpp(143): warning C4305: 'argument' : truncation from 'double' to 'GLfloat'
     1>c:\users\momen sayeed\documents\visual studio 2012\projects\project\project\main.cpp(143): warning C4244: 'argument' : conversion from 'double' to 'GLfloat', possible loss of data
     1>c:\users\momen sayeed\documents\visual studio 2012\projects\project\project\main.cpp(149): warning C4305: 'argument' : truncation from 'double' to 'GLfloat'
     1>c:\users\momen sayeed\documents\visual studio 2012\projects\project\project\main.cpp(149): warning C4244: 'argument' : conversion from 'double' to 'GLfloat', possible loss of data
     1>c:\users\momen sayeed\documents\visual studio 2012\projects\project\project\main.cpp(150): warning C4305: 'argument' : truncation from 'double' to 'GLfloat'
     1>c:\users\momen sayeed\documents\visual studio 2012\projects\project\project\main.cpp(150): warning C4244: 'argument' : conversion from 'double' to 'GLfloat', possible loss of data
     1>c:\users\momen sayeed\documents\visual studio 2012\projects\project\project\main.cpp(151): warning C4305: 'argument' : truncation from 'double' to 'GLfloat'
     1>c:\users\momen sayeed\documents\visual studio 2012\projects\project\project\main.cpp(151): warning C4244: 'argument' : conversion from 'double' to 'GLfloat', possible loss of data
     1>c:\users\momen sayeed\documents\visual studio 2012\projects\project\project\main.cpp(152): warning C4305: 'argument' : truncation from 'double' to 'GLfloat'
     1>c:\users\momen sayeed\documents\visual studio 2012\projects\project\project\main.cpp(152): warning C4244: 'argument' : conversion from 'double' to 'GLfloat', possible loss of data
     1>c:\users\momen sayeed\documents\visual studio 2012\projects\project\project\main.cpp(158): warning C4305: 'argument' : truncation from 'double' to 'GLfloat'
     1>c:\users\momen sayeed\documents\visual studio 2012\projects\project\project\main.cpp(158): warning C4244: 'argument' : conversion from 'double' to 'GLfloat', possible loss of data
     1>c:\users\momen sayeed\documents\visual studio 2012\projects\project\project\main.cpp(159): warning C4305: 'argument' : truncation from 'double' to 'GLfloat'
     1>c:\users\momen sayeed\documents\visual studio 2012\projects\project\project\main.cpp(159): warning C4244: 'argument' : conversion from 'double' to 'GLfloat', possible loss of data
     1>c:\users\momen sayeed\documents\visual studio 2012\projects\project\project\main.cpp(160): warning C4305: 'argument' : truncation from 'double' to 'GLfloat'
     1>c:\users\momen sayeed\documents\visual studio 2012\projects\project\project\main.cpp(160): warning C4244: 'argument' : conversion from 'double' to 'GLfloat', possible loss of data
     1>c:\users\momen sayeed\documents\visual studio 2012\projects\project\project\main.cpp(161): warning C4305: 'argument' : truncation from 'double' to 'GLfloat'
     1>c:\users\momen sayeed\documents\visual studio 2012\projects\project\project\main.cpp(161): warning C4244: 'argument' : conversion from 'double' to 'GLfloat', possible loss of data
     1>c:\users\momen sayeed\documents\visual studio 2012\projects\project\project\main.cpp(164): warning C4244: 'argument' : conversion from 'double' to 'GLfloat', possible loss of data
     1>c:\users\momen sayeed\documents\visual studio 2012\projects\project\project\main.cpp(174): warning C4305: 'argument' : truncation from 'double' to 'GLfloat'
     1>c:\users\momen sayeed\documents\visual studio 2012\projects\project\project\main.cpp(175): warning C4305: 'argument' : truncation from 'double' to 'GLfloat'
     1>c:\users\momen sayeed\documents\visual studio 2012\projects\project\project\main.cpp(176): warning C4305: 'argument' : truncation from 'double' to 'GLfloat'
     1>c:\users\momen sayeed\documents\visual studio 2012\projects\project\project\main.cpp(177): warning C4305: 'argument' : truncation from 'double' to 'GLfloat'
     1>c:\users\momen sayeed\documents\visual studio 2012\projects\project\project\main.cpp(181): warning C4244: 'argument' : conversion from 'double' to 'GLfloat', possible loss of data
     1>c:\users\momen sayeed\documents\visual studio 2012\projects\project\project\main.cpp(186): warning C4305: 'argument' : truncation from 'double' to 'GLfloat'
     1>c:\users\momen sayeed\documents\visual studio 2012\projects\project\project\main.cpp(187): warning C4305: 'argument' : truncation from 'double' to 'GLfloat'
     1>c:\users\momen sayeed\documents\visual studio 2012\projects\project\project\main.cpp(188): warning C4305: 'argument' : truncation from 'double' to 'GLfloat'
     1>c:\users\momen sayeed\documents\visual studio 2012\projects\project\project\main.cpp(189): warning C4305: 'argument' : truncation from 'double' to 'GLfloat'
     1>c:\users\momen sayeed\documents\visual studio 2012\projects\project\project\main.cpp(195): warning C4305: 'argument' : truncation from 'double' to 'GLfloat'
     1>c:\users\momen sayeed\documents\visual studio 2012\projects\project\project\main.cpp(196): warning C4305: 'argument' : truncation from 'double' to 'GLfloat'
     1>c:\users\momen sayeed\documents\visual studio 2012\projects\project\project\main.cpp(197): warning C4305: 'argument' : truncation from 'double' to 'GLfloat'
     1>c:\users\momen sayeed\documents\visual studio 2012\projects\project\project\main.cpp(198): warning C4305: 'argument' : truncation from 'double' to 'GLfloat'
     1>c:\users\momen sayeed\documents\visual studio 2012\projects\project\project\main.cpp(204): warning C4305: 'argument' : truncation from 'double' to 'GLfloat'
     1>c:\users\momen sayeed\documents\visual studio 2012\projects\project\project\main.cpp(205): warning C4305: 'argument' : truncation from 'double' to 'GLfloat'
     1>c:\users\momen sayeed\documents\visual studio 2012\projects\project\project\main.cpp(206): warning C4305: 'argument' : truncation from 'double' to 'GLfloat'
     1>c:\users\momen sayeed\documents\visual studio 2012\projects\project\project\main.cpp(207): warning C4305: 'argument' : truncation from 'double' to 'GLfloat'
     1>c:\users\momen sayeed\documents\visual studio 2012\projects\project\project\main.cpp(212): warning C4305: 'argument' : truncation from 'double' to 'GLfloat'
     1>c:\users\momen sayeed\documents\visual studio 2012\projects\project\project\main.cpp(213): warning C4305: 'argument' : truncation from 'double' to 'GLfloat'
     1>c:\users\momen sayeed\documents\visual studio 2012\projects\project\project\main.cpp(214): warning C4305: 'argument' : truncation from 'double' to 'GLfloat'
     1>c:\users\momen sayeed\documents\visual studio 2012\projects\project\project\main.cpp(215): warning C4305: 'argument' : truncation from 'double' to 'GLfloat'
     1>c:\users\momen sayeed\documents\visual studio 2012\projects\project\project\main.cpp(220): warning C4305: 'argument' : truncation from 'double' to 'GLfloat'
     1>c:\users\momen sayeed\documents\visual studio 2012\projects\project\project\main.cpp(221): warning C4305: 'argument' : truncation from 'double' to 'GLfloat'
     1>c:\users\momen sayeed\documents\visual studio 2012\projects\project\project\main.cpp(222): warning C4305: 'argument' : truncation from 'double' to 'GLfloat'
     1>c:\users\momen sayeed\documents\visual studio 2012\projects\project\project\main.cpp(223): warning C4305: 'argument' : truncation from 'double' to 'GLfloat'
     1>c:\users\momen sayeed\documents\visual studio 2012\projects\project\project\main.cpp(226): warning C4244: 'argument' : conversion from 'double' to 'GLfloat', possible loss of data
     1>c:\users\momen sayeed\documents\visual studio 2012\projects\project\project\main.cpp(231): warning C4244: 'argument' : conversion from 'double' to 'GLfloat', possible loss of data
     1>c:\users\momen sayeed\documents\visual studio 2012\projects\project\project\main.cpp(232): warning C4244: 'argument' : conversion from 'double' to 'GLfloat', possible loss of data
     1>c:\users\momen sayeed\documents\visual studio 2012\projects\project\project\main.cpp(238): warning C4305: 'argument' : truncation from 'double' to 'GLfloat'
     1>c:\users\momen sayeed\documents\visual studio 2012\projects\project\project\main.cpp(239): warning C4305: 'argument' : truncation from 'double' to 'GLfloat'
     1>c:\users\momen sayeed\documents\visual studio 2012\projects\project\project\main.cpp(240): warning C4305: 'argument' : truncation from 'double' to 'GLfloat'
     1>c:\users\momen sayeed\documents\visual studio 2012\projects\project\project\main.cpp(241): warning C4305: 'argument' : truncation from 'double' to 'GLfloat'
     1>c:\users\momen sayeed\documents\visual studio 2012\projects\project\project\main.cpp(242): warning C4305: 'argument' : truncation from 'double' to 'GLfloat'
     1>c:\users\momen sayeed\documents\visual studio 2012\projects\project\project\main.cpp(248): warning C4305: 'argument' : truncation from 'double' to 'GLfloat'
     1>c:\users\momen sayeed\documents\visual studio 2012\projects\project\project\main.cpp(249): warning C4305: 'argument' : truncation from 'double' to 'GLfloat'
     1>c:\users\momen sayeed\documents\visual studio 2012\projects\project\project\main.cpp(250): warning C4305: 'argument' : truncation from 'double' to 'GLfloat'
     1>c:\users\momen sayeed\documents\visual studio 2012\projects\project\project\main.cpp(251): warning C4305: 'argument' : truncation from 'double' to 'GLfloat'
     1>c:\users\momen sayeed\documents\visual studio 2012\projects\project\project\main.cpp(252): warning C4305: 'argument' : truncation from 'double' to 'GLfloat'
     1>c:\users\momen sayeed\documents\visual studio 2012\projects\project\project\main.cpp(258): warning C4305: 'argument' : truncation from 'double' to 'GLfloat'
     1>c:\users\momen sayeed\documents\visual studio 2012\projects\project\project\main.cpp(259): warning C4305: 'argument' : truncation from 'double' to 'GLfloat'
     1>c:\users\momen sayeed\documents\visual studio 2012\projects\project\project\main.cpp(260): warning C4305: 'argument' : truncation from 'double' to 'GLfloat'
     1>c:\users\momen sayeed\documents\visual studio 2012\projects\project\project\main.cpp(261): warning C4305: 'argument' : truncation from 'double' to 'GLfloat'
     1>c:\users\momen sayeed\documents\visual studio 2012\projects\project\project\main.cpp(267): warning C4305: 'argument' : truncation from 'double' to 'GLfloat'
     1>c:\users\momen sayeed\documents\visual studio 2012\projects\project\project\main.cpp(268): warning C4305: 'argument' : truncation from 'double' to 'GLfloat'
     1>c:\users\momen sayeed\documents\visual studio 2012\projects\project\project\main.cpp(269): warning C4305: 'argument' : truncation from 'double' to 'GLfloat'
     1>c:\users\momen sayeed\documents\visual studio 2012\projects\project\project\main.cpp(270): warning C4305: 'argument' : truncation from 'double' to 'GLfloat'
     1>c:\users\momen sayeed\documents\visual studio 2012\projects\project\project\main.cpp(276): warning C4305: 'argument' : truncation from 'double' to 'GLfloat'
     1>c:\users\momen sayeed\documents\visual studio 2012\projects\project\project\main.cpp(277): warning C4305: 'argument' : truncation from 'double' to 'GLfloat'
     1>c:\users\momen sayeed\documents\visual studio 2012\projects\project\project\main.cpp(278): warning C4305: 'argument' : truncation from 'double' to 'GLfloat'
     1>c:\users\momen sayeed\documents\visual studio 2012\projects\project\project\main.cpp(279): warning C4305: 'argument' : truncation from 'double' to 'GLfloat'
     1>c:\users\momen sayeed\documents\visual studio 2012\projects\project\project\main.cpp(280): warning C4305: 'argument' : truncation from 'double' to 'GLfloat'
     1>c:\users\momen sayeed\documents\visual studio 2012\projects\project\project\main.cpp(281): warning C4305: 'argument' : truncation from 'double' to 'GLfloat'
     1>c:\users\momen sayeed\documents\visual studio 2012\projects\project\project\main.cpp(287): warning C4305: 'argument' : truncation from 'double' to 'GLfloat'
     1>c:\users\momen sayeed\documents\visual studio 2012\projects\project\project\main.cpp(288): warning C4305: 'argument' : truncation from 'double' to 'GLfloat'
     1>c:\users\momen sayeed\documents\visual studio 2012\projects\project\project\main.cpp(289): warning C4305: 'argument' : truncation from 'double' to 'GLfloat'
     1>c:\users\momen sayeed\documents\visual studio 2012\projects\project\project\main.cpp(290): warning C4305: 'argument' : truncation from 'double' to 'GLfloat'
     1>c:\users\momen sayeed\documents\visual studio 2012\projects\project\project\main.cpp(298): warning C4244: 'argument' : conversion from 'double' to 'GLfloat', possible loss of data
     1>c:\users\momen sayeed\documents\visual studio 2012\projects\project\project\main.cpp(310): warning C4244: 'argument' : conversion from 'double' to 'GLfloat', possible loss of data
     1>c:\users\momen sayeed\documents\visual studio 2012\projects\project\project\main.cpp(311): warning C4244: 'argument' : conversion from 'double' to 'GLfloat', possible loss of data
     1>c:\users\momen sayeed\documents\visual studio 2012\projects\project\project\main.cpp(312): warning C4244: 'argument' : conversion from 'double' to 'GLfloat', possible loss of data
     1>c:\users\momen sayeed\documents\visual studio 2012\projects\project\project\main.cpp(448): warning C4305: 'argument' : truncation from 'double' to 'GLclampf'
       Link:
         C:\Program Files (x86)\Microsoft Visual Studio 11.0\VC\bin\link.exe /ERRORREPORT:PROMPT /OUT:"C:\Users\Momen Sayeed\documents\visual studio 2012\Projects\Project\Debug\Project.exe" /INCREMENTAL /NOLOGO /LIBPATH:"C:\Users\Momen Sayeed\Documents\Visual Studio 2012\Projects\Project\Glew and Glut\glew-1.11.0\lib" /LIBPATH:"C:\Users\Momen Sayeed\Documents\Visual Studio 2012\Projects\Project\Glew and Glut\freeglut\lib" glew32.lib freeglut.lib kernel32.lib user32.lib gdi32.lib winspool.lib comdlg32.lib advapi32.lib shell32.lib ole32.lib oleaut32.lib uuid.lib odbc32.lib odbccp32.lib /MANIFEST /MANIFESTUAC:"level='asInvoker' uiAccess='false'" /manifest:embed /DEBUG /PDB:"C:\Users\Momen Sayeed\documents\visual studio 2012\Projects\Project\Debug\Project.pdb" /TLBID:1 /DYNAMICBASE /NXCOMPAT /IMPLIB:"C:\Users\Momen Sayeed\documents\visual studio 2012\Projects\Project\Debug\Project.lib" /MACHINE:X86 Debug\Main.obj
         Project.vcxproj -> C:\Users\Momen Sayeed\documents\visual studio 2012\Projects\Project\Debug\Project.exe
     1>Done Building Project "C:\Users\Momen Sayeed\documents\visual studio 2012\Projects\Project\Project\Project.vcxproj" (Build target(s)).

Build succeeded.

Time Elapsed 00:00:02.26
