C:\USERS\MOMEN SAYEED\DOCUMENTS\VISUAL STUDIO 2012\PROJECTS\PROJECT\PROJECT\DEBUG\MAIN.CPP.NATIVECODEANALYSIS.XML
C:\USERS\MOMEN SAYEED\DOCUMENTS\VISUAL STUDIO 2012\PROJECTS\PROJECT\PROJECT\DEBUG\MAIN.OBJ
C:\USERS\MOMEN SAYEED\DOCUMENTS\VISUAL STUDIO 2012\PROJECTS\PROJECT\PROJECT\DEBUG\VC110.PDB
C:\USERS\MOMEN SAYEED\DOCUMENTS\VISUAL STUDIO 2012\PROJECTS\PROJECT\DEBUG\PROJECT.ILK
C:\USERS\MOMEN SAYEED\DOCUMENTS\VISUAL STUDIO 2012\PROJECTS\PROJECT\DEBUG\PROJECT.EXE
C:\USERS\MOMEN SAYEED\DOCUMENTS\VISUAL STUDIO 2012\PROJECTS\PROJECT\DEBUG\PROJECT.PDB
C:\Users\Momen Sayeed\documents\visual studio 2012\Projects\Project\Project\Debug\Main.obj
C:\Users\Momen Sayeed\documents\visual studio 2012\Projects\Project\Project\Debug\cl.command.1.tlog
C:\Users\Momen Sayeed\documents\visual studio 2012\Projects\Project\Project\Debug\CL.read.1.tlog
C:\Users\Momen Sayeed\documents\visual studio 2012\Projects\Project\Project\Debug\CL.write.1.tlog
C:\Users\Momen Sayeed\documents\visual studio 2012\Projects\Project\Project\Debug\link-cvtres.read.1.tlog
C:\Users\Momen Sayeed\documents\visual studio 2012\Projects\Project\Project\Debug\link-cvtres.write.1.tlog
C:\Users\Momen Sayeed\documents\visual studio 2012\Projects\Project\Project\Debug\link-rc.read.1.tlog
C:\Users\Momen Sayeed\documents\visual studio 2012\Projects\Project\Project\Debug\link-rc.write.1.tlog
C:\Users\Momen Sayeed\documents\visual studio 2012\Projects\Project\Project\Debug\link.command.1.tlog
C:\Users\Momen Sayeed\documents\visual studio 2012\Projects\Project\Project\Debug\link.read.1.tlog
C:\Users\Momen Sayeed\documents\visual studio 2012\Projects\Project\Project\Debug\link.write.1.tlog
C:\Users\Momen Sayeed\documents\visual studio 2012\Projects\Project\Project\Debug\NativeCodeAnalysis.read.1.tlog
C:\Users\Momen Sayeed\documents\visual studio 2012\Projects\Project\Project\Debug\vc110.idb
C:\Users\Momen Sayeed\documents\visual studio 2012\Projects\Project\Project\Debug\vc110.pdb
C:\Users\Momen Sayeed\documents\visual studio 2012\Projects\Project\Project\Debug\Main.cpp.nativecodeanalysis.xml
C:\Users\Momen Sayeed\documents\visual studio 2012\Projects\Project\Project\Debug\vc.nativecodeanalysis.all.xml
C:\Users\Momen Sayeed\documents\visual studio 2012\Projects\Project\Debug\Project.pdb
C:\Users\Momen Sayeed\documents\visual studio 2012\Projects\Project\Debug\Project.exe
C:\Users\Momen Sayeed\documents\visual studio 2012\Projects\Project\Debug\Project.ilk
C:\Users\Momen Sayeed\documents\visual studio 2012\Projects\Project\Debug\Project.exe.lastcodeanalysissucceeded
